0.145237 2500
0.386921 5000
0.487851 7500
1.165526 10000
1.421702 12500
1.815469 15000
2.096188 17500
3.055390 20000
3.941827 22500
4.379999 25000
5.288431 27500
9.986024 30000
5.126947 32500
10.129228 35000
8.339472 37500
7.677840 40000
11.758533 42500
14.391918 45000
12.085242 47500
10.573192 50000
16.855274 52500
14.228980 55000
17.490745 57500
16.346793 60000
19.416695 62500
17.736645 65000
22.334063 67500
17.941081 70000
24.058058 72500
20.228275 75000
20.949462 77500
32.332051 80000
22.251790 82500
23.581118 85000
30.293617 87500
18.620573 90000
32.509414 92500
30.846622 95000
24.045931 97500
33.023219 100000
38.822797 102500
41.347499 105000
33.791915 107500
56.699450 110000
37.903721 112500
35.978210 115000
51.733866 117500
33.263898 120000
48.924915 122500
59.295222 125000
53.073028 127500
33.437505 130000
50.403497 132500
56.503227 135000
52.857749 137500
71.807218 140000
68.745584 142500
67.832973 145000
77.702621 147500
76.711533 150000
55.366014 152500
76.080601 155000
103.908338 157500
78.070514 160000
77.099795 162500
86.505696 165000
75.753557 167500
82.306983 170000
98.907707 172500
65.219486 175000
79.499731 177500
109.432534 180000
71.586784 182500
77.961274 185000
75.685654 187500
77.896248 190000
107.717509 192500
106.720300 195000
110.410181 197500
139.107983 200000
